2022-02-18 00:04:41.294 [main] ebanking - Entered details!!!!!
2022-02-18 00:04:44.744 [main] ebanking - validation started
2022-02-18 00:04:44.824 [main] ebanking - Added customer
2022-02-18 00:16:55.921 [main] ebanking - browser opened
2022-02-18 00:16:56.062 [main] ebanking - entered username
2022-02-18 00:16:56.196 [main] ebanking - entered password
2022-02-18 00:16:59.147 [main] ebanking - Screenshot Taken
2022-02-18 00:16:59.148 [main] ebanking - Login test failed
2022-02-18 00:17:20.679 [main] ebanking - Entered details!!!!!
2022-02-18 00:17:24.837 [main] ebanking - validation started
2022-02-18 00:17:24.875 [main] ebanking - Added customer
2022-02-18 00:19:57.624 [main] ebanking - browser opened
2022-02-18 00:19:57.744 [main] ebanking - entered username
2022-02-18 00:19:57.874 [main] ebanking - entered password
2022-02-18 00:20:00.257 [main] ebanking - Screenshot Taken
2022-02-18 00:20:24.683 [main] ebanking - Entered details!!!!!
2022-02-18 00:20:28.136 [main] ebanking - validation started
2022-02-18 00:20:28.167 [main] ebanking - Added customer
2022-02-18 00:38:52.577 [main] ebanking - browser opened
2022-02-18 00:38:52.715 [main] ebanking - entered username
2022-02-18 00:38:52.857 [main] ebanking - entered password
2022-02-18 00:38:54.856 [main] ebanking - Screenshot Taken
2022-02-18 00:39:15.911 [main] ebanking - Entered details!!!!!
2022-02-18 00:39:20.002 [main] ebanking - validation started
2022-02-18 00:39:20.138 [main] ebanking - Added customer
2022-02-18 15:29:16.959 [main] ebanking - browser opened
2022-02-18 15:29:17.423 [main] ebanking - entered username
2022-02-18 15:29:17.846 [main] ebanking - entered password
2022-02-18 15:29:19.490 [main] ebanking - Login test passed
2022-02-18 15:29:38.000 [main] ebanking - Entered details!!!!!
2022-02-18 15:29:44.559 [main] ebanking - validation started
2022-02-18 15:29:44.598 [main] ebanking - Added customer
